app/build/intermediates/manifest_merge_blame_file/debug/processDebugMainManifest/manifest-merger-blame-debug-report.txt
1<?xml version="1.0" encoding="utf-8"?>
2<manifest xmlns:android="http://schemas.android.com/apk/res/android"
3    package="com.gateguard.app"
4    android:versionCode="1"
5    android:versionName="1.0" >
6
7    <uses-sdk
8        android:minSdkVersion="24"
9        android:targetSdkVersion="34" />
10
11    <uses-permission android:name="android.permission.CAMERA" />
11-->src\main\AndroidManifest.xml:4:5-65
11-->src\main\AndroidManifest.xml:4:22-62
12    <uses-permission android:name="android.permission.INTERNET" />
12-->src\main\AndroidManifest.xml:5:5-67
12-->src\main\AndroidManifest.xml:5:22-64
13
14    <queries>
14-->src\main\AndroidManifest.xml:7:5-10:15
15        <package android:name="com.whatsapp" />
15-->src\main\AndroidManifest.xml:8:9-48
15-->src\main\AndroidManifest.xml:8:18-45
16        <package android:name="com.whatsapp.w4b" />
16-->src\main\AndroidManifest.xml:9:9-52
16-->src\main\AndroidManifest.xml:9:18-49
17    </queries>
18
19    <uses-permission android:name="android.permission.ACCESS_NETWORK_STATE" />
19-->[com.google.firebase:firebase-auth:24.0.1] AndroidManifest.xml:26:5-79
19-->[com.google.firebase:firebase-auth:24.0.1] AndroidManifest.xml:26:22-76
20    <uses-permission android:name="android.permission.WAKE_LOCK" />
20-->[com.google.android.gms:play-services-measurement:23.2.0] AndroidManifest.xml:25:5-68
20-->[com.google.android.gms:play-services-measurement:23.2.0] AndroidManifest.xml:25:22-65
21    <uses-permission android:name="com.google.android.finsky.permission.BIND_GET_INSTALL_REFERRER_SERVICE" />
21-->[com.google.android.gms:play-services-measurement:23.2.0] AndroidManifest.xml:26:5-110
21-->[com.google.android.gms:play-services-measurement:23.2.0] AndroidManifest.xml:26:22-107
22    <uses-permission android:name="com.google.android.gms.permission.AD_ID" />
22-->[com.google.android.gms:play-services-measurement-impl:23.2.0] AndroidManifest.xml:27:5-79
22-->[com.google.android.gms:play-services-measurement-impl:23.2.0] AndroidManifest.xml:27:22-76
23    <uses-permission android:name="android.permission.ACCESS_ADSERVICES_ATTRIBUTION" />
23-->[com.google.android.gms:play-services-measurement-api:23.2.0] AndroidManifest.xml:26:5-88
23-->[com.google.android.gms:play-services-measurement-api:23.2.0] AndroidManifest.xml:26:22-85
24    <uses-permission android:name="android.permission.ACCESS_ADSERVICES_AD_ID" />
24-->[com.google.android.gms:play-services-measurement-api:23.2.0] AndroidManifest.xml:27:5-82
24-->[com.google.android.gms:play-services-measurement-api:23.2.0] AndroidManifest.xml:27:22-79
25    <uses-permission android:name="com.google.android.providers.gsf.permission.READ_GSERVICES" />
25-->[com.google.android.recaptcha:recaptcha:18.6.1] AndroidManifest.xml:9:5-98
25-->[com.google.android.recaptcha:recaptcha:18.6.1] AndroidManifest.xml:9:22-95
26
27    <permission
27-->[androidx.core:core:1.12.0] AndroidManifest.xml:22:5-24:47
28        android:name="com.gateguard.app.DYNAMIC_RECEIVER_NOT_EXPORTED_PERMISSION"
28-->[androidx.core:core:1.12.0] AndroidManifest.xml:23:9-81
29        android:protectionLevel="signature" />
29-->[androidx.core:core:1.12.0] AndroidManifest.xml:24:9-44
30
31    <uses-permission android:name="com.gateguard.app.DYNAMIC_RECEIVER_NOT_EXPORTED_PERMISSION" /> <!-- Don't require camera, as this requires a rear camera. This allows it to work on the Nexus 7 -->
31-->[androidx.core:core:1.12.0] AndroidManifest.xml:26:5-97
31-->[androidx.core:core:1.12.0] AndroidManifest.xml:26:22-94
32    <uses-feature
32-->[com.journeyapps:zxing-android-embedded:4.3.0] AndroidManifest.xml:25:5-27:36
33        android:name="android.hardware.camera"
33-->[com.journeyapps:zxing-android-embedded:4.3.0] AndroidManifest.xml:26:9-47
34        android:required="false" />
34-->[com.journeyapps:zxing-android-embedded:4.3.0] AndroidManifest.xml:27:9-33
35    <uses-feature
35-->[com.journeyapps:zxing-android-embedded:4.3.0] AndroidManifest.xml:28:5-30:36
36        android:name="android.hardware.camera.front"
36-->[com.journeyapps:zxing-android-embedded:4.3.0] AndroidManifest.xml:29:9-53
37        android:required="false" /> <!-- TODO replace above two with next line after Android 4.2 -->
37-->[com.journeyapps:zxing-android-embedded:4.3.0] AndroidManifest.xml:30:9-33
38    <!-- <uses-feature android:name="android.hardware.camera.any"/> -->
39    <uses-feature
39-->[com.journeyapps:zxing-android-embedded:4.3.0] AndroidManifest.xml:33:5-35:36
40        android:name="android.hardware.camera.autofocus"
40-->[com.journeyapps:zxing-android-embedded:4.3.0] AndroidManifest.xml:34:9-57
41        android:required="false" />
41-->[com.journeyapps:zxing-android-embedded:4.3.0] AndroidManifest.xml:35:9-33
42    <uses-feature
42-->[com.journeyapps:zxing-android-embedded:4.3.0] AndroidManifest.xml:36:5-38:36
43        android:name="android.hardware.camera.flash"
43-->[com.journeyapps:zxing-android-embedded:4.3.0] AndroidManifest.xml:37:9-53
44        android:required="false" />
44-->[com.journeyapps:zxing-android-embedded:4.3.0] AndroidManifest.xml:38:9-33
45    <uses-feature
45-->[com.journeyapps:zxing-android-embedded:4.3.0] AndroidManifest.xml:39:5-41:36
46        android:name="android.hardware.screen.landscape"
46-->[com.journeyapps:zxing-android-embedded:4.3.0] AndroidManifest.xml:40:9-57
47        android:required="false" />
47-->[com.journeyapps:zxing-android-embedded:4.3.0] AndroidManifest.xml:41:9-33
48    <uses-feature
48-->[com.journeyapps:zxing-android-embedded:4.3.0] AndroidManifest.xml:42:5-44:36
49        android:name="android.hardware.wifi"
49-->[com.journeyapps:zxing-android-embedded:4.3.0] AndroidManifest.xml:43:9-45
50        android:required="false" />
50-->[com.journeyapps:zxing-android-embedded:4.3.0] AndroidManifest.xml:44:9-33
51
52    <application
52-->src\main\AndroidManifest.xml:12:5-67:19
53        android:allowBackup="true"
53-->src\main\AndroidManifest.xml:13:9-35
54        android:appComponentFactory="androidx.core.app.CoreComponentFactory"
54-->[androidx.core:core:1.12.0] AndroidManifest.xml:28:18-86
55        android:debuggable="true"
56        android:extractNativeLibs="false"
57        android:icon="@mipmap/ic_launcher"
57-->src\main\AndroidManifest.xml:14:9-43
58        android:label="@string/app_name"
58-->src\main\AndroidManifest.xml:15:9-41
59        android:roundIcon="@mipmap/ic_launcher_round"
59-->src\main\AndroidManifest.xml:16:9-54
60        android:supportsRtl="true"
60-->src\main\AndroidManifest.xml:17:9-35
61        android:theme="@style/Theme.GateGuard" >
61-->src\main\AndroidManifest.xml:18:9-47
62        <activity android:name="com.gateguard.GuardDashboardActivity" />
62-->src\main\AndroidManifest.xml:20:9-60
62-->src\main\AndroidManifest.xml:20:19-57
63        <activity android:name="com.gateguard.HostDashboardActivity" />
63-->src\main\AndroidManifest.xml:21:9-59
63-->src\main\AndroidManifest.xml:21:19-56
64        <activity android:name="com.gateguard.AdminDashboardActivity" />
64-->src\main\AndroidManifest.xml:22:9-60
64-->src\main\AndroidManifest.xml:22:19-57
65        <activity android:name="com.gateguard.VisitorLogsActivity" />
65-->src\main\AndroidManifest.xml:23:9-57
65-->src\main\AndroidManifest.xml:23:19-54
66        <activity android:name="com.gateguard.ScanQrActivity" />
66-->src\main\AndroidManifest.xml:24:9-52
66-->src\main\AndroidManifest.xml:24:19-49
67        <activity android:name="com.gateguard.FaceVerifyActivity" />
67-->src\main\AndroidManifest.xml:25:9-56
67-->src\main\AndroidManifest.xml:25:19-53
68        <activity android:name="com.gateguard.ProfileActivity" />
68-->src\main\AndroidManifest.xml:26:9-53
68-->src\main\AndroidManifest.xml:26:19-50
69        <activity
69-->src\main\AndroidManifest.xml:27:9-28:39
70            android:name="com.gateguard.MainActivity"
70-->src\main\AndroidManifest.xml:27:19-47
71            android:exported="true" />
71-->src\main\AndroidManifest.xml:28:13-36
72        <activity android:name="com.gateguard.HomeActivity" />
72-->src\main\AndroidManifest.xml:29:9-50
72-->src\main\AndroidManifest.xml:29:19-47
73        <activity
73-->src\main\AndroidManifest.xml:31:9-36:63
74            android:name="com.gateguard.CaptureActivityPortrait"
74-->src\main\AndroidManifest.xml:32:13-52
75            android:screenOrientation="portrait"
75-->src\main\AndroidManifest.xml:33:13-49
76            android:stateNotNeeded="true"
76-->src\main\AndroidManifest.xml:34:13-42
77            android:theme="@style/zxing_CaptureTheme"
77-->src\main\AndroidManifest.xml:35:13-54
78            android:windowSoftInputMode="stateAlwaysHidden" />
78-->src\main\AndroidManifest.xml:36:13-60
79        <activity android:name="com.gateguard.PassPreviewActivity" />
79-->src\main\AndroidManifest.xml:38:9-57
79-->src\main\AndroidManifest.xml:38:19-54
80        <activity android:name="com.gateguard.UpcomingVisitDetailsActivity" />
80-->src\main\AndroidManifest.xml:39:9-66
80-->src\main\AndroidManifest.xml:39:19-63
81        <activity android:name="com.gateguard.ActiveVisitorDetailsActivity" />
81-->src\main\AndroidManifest.xml:40:9-66
81-->src\main\AndroidManifest.xml:40:19-63
82        <activity android:name="com.gateguard.GeneratePassActivity" />
82-->src\main\AndroidManifest.xml:41:9-58
82-->src\main\AndroidManifest.xml:41:19-55
83        <activity android:name="com.gateguard.RegisterActivity" />
83-->src\main\AndroidManifest.xml:42:9-54
83-->src\main\AndroidManifest.xml:42:19-51
84        <activity
84-->src\main\AndroidManifest.xml:44:9-53:20
85            android:name="com.gateguard.SplashActivity"
85-->src\main\AndroidManifest.xml:45:13-43
86            android:exported="true" >
86-->src\main\AndroidManifest.xml:46:13-36
87            <intent-filter>
87-->src\main\AndroidManifest.xml:48:13-51:29
88                <action android:name="android.intent.action.MAIN" />
88-->src\main\AndroidManifest.xml:49:17-69
88-->src\main\AndroidManifest.xml:49:25-66
89
90                <category android:name="android.intent.category.LAUNCHER" />
90-->src\main\AndroidManifest.xml:50:17-77
90-->src\main\AndroidManifest.xml:50:27-74
91            </intent-filter>
92        </activity>
93        <activity android:name="com.gateguard.LoginActivity" />
93-->src\main\AndroidManifest.xml:55:9-50
93-->src\main\AndroidManifest.xml:55:19-48
94
95        <provider
96            android:name="androidx.core.content.FileProvider"
96-->src\main\AndroidManifest.xml:58:13-62
97            android:authorities="com.gateguard.app.provider"
97-->src\main\AndroidManifest.xml:59:13-60
98            android:exported="false"
98-->src\main\AndroidManifest.xml:60:13-37
99            android:grantUriPermissions="true" >
99-->src\main\AndroidManifest.xml:61:13-47
100            <meta-data
100-->src\main\AndroidManifest.xml:62:13-64:54
101                android:name="android.support.FILE_PROVIDER_PATHS"
101-->src\main\AndroidManifest.xml:63:17-67
102                android:resource="@xml/file_paths" />
102-->src\main\AndroidManifest.xml:64:17-51
103        </provider>
104
105        <service
105-->[androidx.camera:camera-camera2:1.3.1] AndroidManifest.xml:24:9-33:19
106            android:name="androidx.camera.core.impl.MetadataHolderService"
106-->[androidx.camera:camera-camera2:1.3.1] AndroidManifest.xml:25:13-75
107            android:enabled="false"
107-->[androidx.camera:camera-camera2:1.3.1] AndroidManifest.xml:26:13-36
108            android:exported="false" >
108-->[androidx.camera:camera-camera2:1.3.1] AndroidManifest.xml:27:13-37
109            <meta-data
109-->[androidx.camera:camera-camera2:1.3.1] AndroidManifest.xml:30:13-32:89
110                android:name="androidx.camera.core.impl.MetadataHolderService.DEFAULT_CONFIG_PROVIDER"
110-->[androidx.camera:camera-camera2:1.3.1] AndroidManifest.xml:31:17-103
111                android:value="androidx.camera.camera2.Camera2Config$DefaultProvider" />
111-->[androidx.camera:camera-camera2:1.3.1] AndroidManifest.xml:32:17-86
112        </service>
113        <service
113-->[com.google.android.gms:play-services-mlkit-barcode-scanning:18.3.0] AndroidManifest.xml:9:9-15:19
114            android:name="com.google.mlkit.common.internal.MlKitComponentDiscoveryService"
114-->[com.google.android.gms:play-services-mlkit-barcode-scanning:18.3.0] AndroidManifest.xml:10:13-91
115            android:directBootAware="true"
115-->[com.google.mlkit:common:18.11.0] AndroidManifest.xml:17:13-43
116            android:exported="false" >
116-->[com.google.android.gms:play-services-mlkit-barcode-scanning:18.3.0] AndroidManifest.xml:11:13-37
117            <meta-data
117-->[com.google.android.gms:play-services-mlkit-barcode-scanning:18.3.0] AndroidManifest.xml:12:13-14:85
118                android:name="com.google.firebase.components:com.google.mlkit.vision.barcode.internal.BarcodeRegistrar"
118-->[com.google.android.gms:play-services-mlkit-barcode-scanning:18.3.0] AndroidManifest.xml:13:17-120
119                android:value="com.google.firebase.components.ComponentRegistrar" />
119-->[com.google.android.gms:play-services-mlkit-barcode-scanning:18.3.0] AndroidManifest.xml:14:17-82
120            <meta-data
120-->[com.google.android.gms:play-services-mlkit-face-detection:17.1.0] AndroidManifest.xml:12:13-14:85
121                android:name="com.google.firebase.components:com.google.mlkit.vision.face.internal.FaceRegistrar"
121-->[com.google.android.gms:play-services-mlkit-face-detection:17.1.0] AndroidManifest.xml:13:17-114
122                android:value="com.google.firebase.components.ComponentRegistrar" />
122-->[com.google.android.gms:play-services-mlkit-face-detection:17.1.0] AndroidManifest.xml:14:17-82
123            <meta-data
123-->[com.google.mlkit:vision-common:17.3.0] AndroidManifest.xml:12:13-14:85
124                android:name="com.google.firebase.components:com.google.mlkit.vision.common.internal.VisionCommonRegistrar"
124-->[com.google.mlkit:vision-common:17.3.0] AndroidManifest.xml:13:17-124
125                android:value="com.google.firebase.components.ComponentRegistrar" />
125-->[com.google.mlkit:vision-common:17.3.0] AndroidManifest.xml:14:17-82
126            <meta-data
126-->[com.google.mlkit:common:18.11.0] AndroidManifest.xml:20:13-22:85
127                android:name="com.google.firebase.components:com.google.mlkit.common.internal.CommonComponentRegistrar"
127-->[com.google.mlkit:common:18.11.0] AndroidManifest.xml:21:17-120
128                android:value="com.google.firebase.components.ComponentRegistrar" />
128-->[com.google.mlkit:common:18.11.0] AndroidManifest.xml:22:17-82
129        </service>
130
131        <provider
131-->[com.google.mlkit:common:18.11.0] AndroidManifest.xml:9:9-13:38
132            android:name="com.google.mlkit.common.internal.MlKitInitProvider"
132-->[com.google.mlkit:common:18.11.0] AndroidManifest.xml:10:13-78
133            android:authorities="com.gateguard.app.mlkitinitprovider"
133-->[com.google.mlkit:common:18.11.0] AndroidManifest.xml:11:13-69
134            android:exported="false"
134-->[com.google.mlkit:common:18.11.0] AndroidManifest.xml:12:13-37
135            android:initOrder="99" />
135-->[com.google.mlkit:common:18.11.0] AndroidManifest.xml:13:13-35
136        <provider
136-->[androidx.emoji2:emoji2:1.2.0] AndroidManifest.xml:24:9-32:20
137            android:name="androidx.startup.InitializationProvider"
137-->[androidx.emoji2:emoji2:1.2.0] AndroidManifest.xml:25:13-67
138            android:authorities="com.gateguard.app.androidx-startup"
138-->[androidx.emoji2:emoji2:1.2.0] AndroidManifest.xml:26:13-68
139            android:exported="false" >
139-->[androidx.emoji2:emoji2:1.2.0] AndroidManifest.xml:27:13-37
140            <meta-data
140-->[androidx.emoji2:emoji2:1.2.0] AndroidManifest.xml:29:13-31:52
141                android:name="androidx.emoji2.text.EmojiCompatInitializer"
141-->[androidx.emoji2:emoji2:1.2.0] AndroidManifest.xml:30:17-75
142                android:value="androidx.startup" />
142-->[androidx.emoji2:emoji2:1.2.0] AndroidManifest.xml:31:17-49
143            <meta-data
143-->[androidx.lifecycle:lifecycle-process:2.7.0] AndroidManifest.xml:29:13-31:52
144                android:name="androidx.lifecycle.ProcessLifecycleInitializer"
144-->[androidx.lifecycle:lifecycle-process:2.7.0] AndroidManifest.xml:30:17-78
145                android:value="androidx.startup" />
145-->[androidx.lifecycle:lifecycle-process:2.7.0] AndroidManifest.xml:31:17-49
146            <meta-data
146-->[androidx.profileinstaller:profileinstaller:1.3.0] AndroidManifest.xml:29:13-31:52
147                android:name="androidx.profileinstaller.ProfileInstallerInitializer"
147-->[androidx.profileinstaller:profileinstaller:1.3.0] AndroidManifest.xml:30:17-85
148                android:value="androidx.startup" />
148-->[androidx.profileinstaller:profileinstaller:1.3.0] AndroidManifest.xml:31:17-49
149        </provider>
150
151        <activity
151-->[com.google.firebase:firebase-auth:24.0.1] AndroidManifest.xml:29:9-46:20
152            android:name="com.google.firebase.auth.internal.GenericIdpActivity"
152-->[com.google.firebase:firebase-auth:24.0.1] AndroidManifest.xml:30:13-80
153            android:excludeFromRecents="true"
153-->[com.google.firebase:firebase-auth:24.0.1] AndroidManifest.xml:31:13-46
154            android:exported="true"
154-->[com.google.firebase:firebase-auth:24.0.1] AndroidManifest.xml:32:13-36
155            android:launchMode="singleTask"
155-->[com.google.firebase:firebase-auth:24.0.1] AndroidManifest.xml:33:13-44
156            android:theme="@android:style/Theme.Translucent.NoTitleBar" >
156-->[com.google.firebase:firebase-auth:24.0.1] AndroidManifest.xml:34:13-72
157            <intent-filter>
157-->[com.google.firebase:firebase-auth:24.0.1] AndroidManifest.xml:35:13-45:29
158                <action android:name="android.intent.action.VIEW" />
158-->[com.google.firebase:firebase-auth:24.0.1] AndroidManifest.xml:36:17-69
158-->[com.google.firebase:firebase-auth:24.0.1] AndroidManifest.xml:36:25-66
159
160                <category android:name="android.intent.category.DEFAULT" />
160-->[com.google.firebase:firebase-auth:24.0.1] AndroidManifest.xml:38:17-76
160-->[com.google.firebase:firebase-auth:24.0.1] AndroidManifest.xml:38:27-73
161                <category android:name="android.intent.category.BROWSABLE" />
161-->[com.google.firebase:firebase-auth:24.0.1] AndroidManifest.xml:39:17-78
161-->[com.google.firebase:firebase-auth:24.0.1] AndroidManifest.xml:39:27-75
162
163                <data
163-->[com.google.firebase:firebase-auth:24.0.1] AndroidManifest.xml:41:17-44:51
164                    android:host="firebase.auth"
164-->[com.google.firebase:firebase-auth:24.0.1] AndroidManifest.xml:42:21-49
165                    android:path="/"
165-->[com.google.firebase:firebase-auth:24.0.1] AndroidManifest.xml:43:21-37
166                    android:scheme="genericidp" />
166-->[com.google.firebase:firebase-auth:24.0.1] AndroidManifest.xml:44:21-48
167            </intent-filter>
168        </activity>
169        <activity
169-->[com.google.firebase:firebase-auth:24.0.1] AndroidManifest.xml:47:9-64:20
170            android:name="com.google.firebase.auth.internal.RecaptchaActivity"
170-->[com.google.firebase:firebase-auth:24.0.1] AndroidManifest.xml:48:13-79
171            android:excludeFromRecents="true"
171-->[com.google.firebase:firebase-auth:24.0.1] AndroidManifest.xml:49:13-46
172            android:exported="true"
172-->[com.google.firebase:firebase-auth:24.0.1] AndroidManifest.xml:50:13-36
173            android:launchMode="singleTask"
173-->[com.google.firebase:firebase-auth:24.0.1] AndroidManifest.xml:51:13-44
174            android:theme="@android:style/Theme.Translucent.NoTitleBar" >
174-->[com.google.firebase:firebase-auth:24.0.1] AndroidManifest.xml:52:13-72
175            <intent-filter>
175-->[com.google.firebase:firebase-auth:24.0.1] AndroidManifest.xml:53:13-63:29
176                <action android:name="android.intent.action.VIEW" />
176-->[com.google.firebase:firebase-auth:24.0.1] AndroidManifest.xml:36:17-69
176-->[com.google.firebase:firebase-auth:24.0.1] AndroidManifest.xml:36:25-66
177
178                <category android:name="android.intent.category.DEFAULT" />
178-->[com.google.firebase:firebase-auth:24.0.1] AndroidManifest.xml:38:17-76
178-->[com.google.firebase:firebase-auth:24.0.1] AndroidManifest.xml:38:27-73
179                <category android:name="android.intent.category.BROWSABLE" />
179-->[com.google.firebase:firebase-auth:24.0.1] AndroidManifest.xml:39:17-78
179-->[com.google.firebase:firebase-auth:24.0.1] AndroidManifest.xml:39:27-75
180
181                <data
181-->[com.google.firebase:firebase-auth:24.0.1] AndroidManifest.xml:41:17-44:51
182                    android:host="firebase.auth"
182-->[com.google.firebase:firebase-auth:24.0.1] AndroidManifest.xml:42:21-49
183                    android:path="/"
183-->[com.google.firebase:firebase-auth:24.0.1] AndroidManifest.xml:43:21-37
184                    android:scheme="recaptcha" />
184-->[com.google.firebase:firebase-auth:24.0.1] AndroidManifest.xml:44:21-48
185            </intent-filter>
186        </activity>
187
188        <service
188-->[com.google.firebase:firebase-auth:24.0.1] AndroidManifest.xml:66:9-72:19
189            android:name="com.google.firebase.components.ComponentDiscoveryService"
189-->[com.google.firebase:firebase-auth:24.0.1] AndroidManifest.xml:67:13-84
190            android:directBootAware="true"
190-->[com.google.firebase:firebase-common:22.0.1] AndroidManifest.xml:32:13-43
191            android:exported="false" >
191-->[com.google.firebase:firebase-auth:24.0.1] AndroidManifest.xml:68:13-37
192            <meta-data
192-->[com.google.firebase:firebase-auth:24.0.1] AndroidManifest.xml:69:13-71:85
193                android:name="com.google.firebase.components:com.google.firebase.auth.FirebaseAuthRegistrar"
193-->[com.google.firebase:firebase-auth:24.0.1] AndroidManifest.xml:70:17-109
194                android:value="com.google.firebase.components.ComponentRegistrar" />
194-->[com.google.firebase:firebase-auth:24.0.1] AndroidManifest.xml:71:17-82
195            <meta-data
195-->[com.google.firebase:firebase-firestore:26.1.2] AndroidManifest.xml:17:13-19:85
196                android:name="com.google.firebase.components:com.google.firebase.firestore.FirebaseFirestoreKtxRegistrar"
196-->[com.google.firebase:firebase-firestore:26.1.2] AndroidManifest.xml:18:17-122
197                android:value="com.google.firebase.components.ComponentRegistrar" />
197-->[com.google.firebase:firebase-firestore:26.1.2] AndroidManifest.xml:19:17-82
198            <meta-data
198-->[com.google.firebase:firebase-firestore:26.1.2] AndroidManifest.xml:20:13-22:85
199                android:name="com.google.firebase.components:com.google.firebase.firestore.FirestoreRegistrar"
199-->[com.google.firebase:firebase-firestore:26.1.2] AndroidManifest.xml:21:17-111
200                android:value="com.google.firebase.components.ComponentRegistrar" />
200-->[com.google.firebase:firebase-firestore:26.1.2] AndroidManifest.xml:22:17-82
201            <meta-data
201-->[com.google.android.gms:play-services-measurement-api:23.2.0] AndroidManifest.xml:33:13-35:85
202                android:name="com.google.firebase.components:com.google.firebase.analytics.connector.internal.AnalyticsConnectorRegistrar"
202-->[com.google.android.gms:play-services-measurement-api:23.2.0] AndroidManifest.xml:34:17-139
203                android:value="com.google.firebase.components.ComponentRegistrar" />
203-->[com.google.android.gms:play-services-measurement-api:23.2.0] AndroidManifest.xml:35:17-82
204            <meta-data
204-->[com.google.firebase:firebase-installations:19.1.0] AndroidManifest.xml:15:13-17:85
205                android:name="com.google.firebase.components:com.google.firebase.installations.FirebaseInstallationsKtxRegistrar"
205-->[com.google.firebase:firebase-installations:19.1.0] AndroidManifest.xml:16:17-130
206                android:value="com.google.firebase.components.ComponentRegistrar" />
206-->[com.google.firebase:firebase-installations:19.1.0] AndroidManifest.xml:17:17-82
207            <meta-data
207-->[com.google.firebase:firebase-installations:19.1.0] AndroidManifest.xml:18:13-20:85
208                android:name="com.google.firebase.components:com.google.firebase.installations.FirebaseInstallationsRegistrar"
208-->[com.google.firebase:firebase-installations:19.1.0] AndroidManifest.xml:19:17-127
209                android:value="com.google.firebase.components.ComponentRegistrar" />
209-->[com.google.firebase:firebase-installations:19.1.0] AndroidManifest.xml:20:17-82
210            <meta-data
210-->[com.google.firebase:firebase-common:22.0.1] AndroidManifest.xml:35:13-37:85
211                android:name="com.google.firebase.components:com.google.firebase.FirebaseCommonKtxRegistrar"
211-->[com.google.firebase:firebase-common:22.0.1] AndroidManifest.xml:36:17-109
212                android:value="com.google.firebase.components.ComponentRegistrar" />
212-->[com.google.firebase:firebase-common:22.0.1] AndroidManifest.xml:37:17-82
213        </service>
214        <service
214-->[androidx.credentials:credentials-play-services-auth:1.2.0-rc01] AndroidManifest.xml:24:9-32:19
215            android:name="androidx.credentials.playservices.CredentialProviderMetadataHolder"
215-->[androidx.credentials:credentials-play-services-auth:1.2.0-rc01] AndroidManifest.xml:25:13-94
216            android:enabled="true"
216-->[androidx.credentials:credentials-play-services-auth:1.2.0-rc01] AndroidManifest.xml:26:13-35
217            android:exported="false" >
217-->[androidx.credentials:credentials-play-services-auth:1.2.0-rc01] AndroidManifest.xml:27:13-37
218            <meta-data
218-->[androidx.credentials:credentials-play-services-auth:1.2.0-rc01] AndroidManifest.xml:29:13-31:104
219                android:name="androidx.credentials.CREDENTIAL_PROVIDER_KEY"
219-->[androidx.credentials:credentials-play-services-auth:1.2.0-rc01] AndroidManifest.xml:30:17-76
220                android:value="androidx.credentials.playservices.CredentialProviderPlayServicesImpl" />
220-->[androidx.credentials:credentials-play-services-auth:1.2.0-rc01] AndroidManifest.xml:31:17-101
221        </service>
222
223        <activity
223-->[androidx.credentials:credentials-play-services-auth:1.2.0-rc01] AndroidManifest.xml:34:9-41:20
224            android:name="androidx.credentials.playservices.HiddenActivity"
224-->[androidx.credentials:credentials-play-services-auth:1.2.0-rc01] AndroidManifest.xml:35:13-76
225            android:configChanges="orientation|screenSize|screenLayout|keyboardHidden"
225-->[androidx.credentials:credentials-play-services-auth:1.2.0-rc01] AndroidManifest.xml:36:13-87
226            android:enabled="true"
226-->[androidx.credentials:credentials-play-services-auth:1.2.0-rc01] AndroidManifest.xml:37:13-35
227            android:exported="false"
227-->[androidx.credentials:credentials-play-services-auth:1.2.0-rc01] AndroidManifest.xml:38:13-37
228            android:fitsSystemWindows="true"
228-->[androidx.credentials:credentials-play-services-auth:1.2.0-rc01] AndroidManifest.xml:39:13-45
229            android:theme="@style/Theme.Hidden" >
229-->[androidx.credentials:credentials-play-services-auth:1.2.0-rc01] AndroidManifest.xml:40:13-48
230        </activity>
231        <activity
231-->[com.google.android.gms:play-services-auth:20.7.0] AndroidManifest.xml:23:9-27:75
232            android:name="com.google.android.gms.auth.api.signin.internal.SignInHubActivity"
232-->[com.google.android.gms:play-services-auth:20.7.0] AndroidManifest.xml:24:13-93
233            android:excludeFromRecents="true"
233-->[com.google.android.gms:play-services-auth:20.7.0] AndroidManifest.xml:25:13-46
234            android:exported="false"
234-->[com.google.android.gms:play-services-auth:20.7.0] AndroidManifest.xml:26:13-37
235            android:theme="@android:style/Theme.Translucent.NoTitleBar" />
235-->[com.google.android.gms:play-services-auth:20.7.0] AndroidManifest.xml:27:13-72
236        <!--
237            Service handling Google Sign-In user revocation. For apps that do not integrate with
238            Google Sign-In, this service will never be started.
239        -->
240        <service
240-->[com.google.android.gms:play-services-auth:20.7.0] AndroidManifest.xml:33:9-37:51
241            android:name="com.google.android.gms.auth.api.signin.RevocationBoundService"
241-->[com.google.android.gms:play-services-auth:20.7.0] AndroidManifest.xml:34:13-89
242            android:exported="true"
242-->[com.google.android.gms:play-services-auth:20.7.0] AndroidManifest.xml:35:13-36
243            android:permission="com.google.android.gms.auth.api.signin.permission.REVOCATION_NOTIFICATION"
243-->[com.google.android.gms:play-services-auth:20.7.0] AndroidManifest.xml:36:13-107
244            android:visibleToInstantApps="true" />
244-->[com.google.android.gms:play-services-auth:20.7.0] AndroidManifest.xml:37:13-48
245
246        <receiver
246-->[com.google.android.gms:play-services-measurement:23.2.0] AndroidManifest.xml:29:9-33:20
247            android:name="com.google.android.gms.measurement.AppMeasurementReceiver"
247-->[com.google.android.gms:play-services-measurement:23.2.0] AndroidManifest.xml:30:13-85
248            android:enabled="true"
248-->[com.google.android.gms:play-services-measurement:23.2.0] AndroidManifest.xml:31:13-35
249            android:exported="false" >
249-->[com.google.android.gms:play-services-measurement:23.2.0] AndroidManifest.xml:32:13-37
250        </receiver>
251
252        <service
252-->[com.google.android.gms:play-services-measurement:23.2.0] AndroidManifest.xml:35:9-38:40
253            android:name="com.google.android.gms.measurement.AppMeasurementService"
253-->[com.google.android.gms:play-services-measurement:23.2.0] AndroidManifest.xml:36:13-84